Backend API server running on http://localhost:4000
MongoDB connection error: MongooseServerSelectionError: Could not connect to any servers in your MongoDB Atlas cluster. One common reason is that you're trying to access the database from an IP that isn't whitelisted. Make sure your current IP address is on your Atlas cluster's IP whitelist: https://www.mongodb.com/docs/atlas/security-whitelist/
    at _handleConnectionErrors (/root/pro/backend/node_modules/mongoose/lib/connection.js:816:11)
    at NativeConnection.openUri (/root/pro/backend/node_modules/mongoose/lib/connection.js:791:11)
    at process.processTicksAndRejections (node:internal/process/task_queues:95:5) {
  reason: TopologyDescription {
    type: 'ReplicaSetNoPrimary',
    servers: Map(3) {
      'ac-dfwmcxn-shard-00-02.reyfc3h.mongodb.net:27017' => [ServerDescription],
      'ac-dfwmcxn-shard-00-00.reyfc3h.mongodb.net:27017' => [ServerDescription],
      'ac-dfwmcxn-shard-00-01.reyfc3h.mongodb.net:27017' => [ServerDescription]
    },
    stale: false,
    compatible: true,
    heartbeatFrequencyMS: 10000,
    localThresholdMS: 15,
    setName: 'atlas-oct13g-shard-0',
    maxElectionId: null,
    maxSetVersion: null,
    commonWireVersion: 0,
    logicalSessionTimeoutMinutes: null
  },
  code: undefined
}
Server will continue without database connection
MongoDB connection error: MongoServerSelectionError: Server selection timed out after 5000 ms
    at Timeout._onTimeout (/root/pro/backend/node_modules/mongodb/lib/sdam/topology.js:278:38)
    at listOnTimeout (node:internal/timers:569:17)
    at process.processTimers (node:internal/timers:512:7) {
  reason: TopologyDescription {
    type: 'ReplicaSetNoPrimary',
    servers: Map(3) {
      'ac-dfwmcxn-shard-00-02.reyfc3h.mongodb.net:27017' => [ServerDescription],
      'ac-dfwmcxn-shard-00-00.reyfc3h.mongodb.net:27017' => [ServerDescription],
      'ac-dfwmcxn-shard-00-01.reyfc3h.mongodb.net:27017' => [ServerDescription]
    },
    stale: false,
    compatible: true,
    heartbeatFrequencyMS: 10000,
    localThresholdMS: 15,
    setName: 'atlas-oct13g-shard-0',
    maxElectionId: null,
    maxSetVersion: null,
    commonWireVersion: 0,
    logicalSessionTimeoutMinutes: null
  },
  code: undefined,
  [Symbol(errorLabels)]: Set(0) {}
}
/root/pro/backend/server.js:138
  const { email, password } = req.body;
          ^

TypeError: Cannot destructure property 'email' of 'req.body' as it is undefined.
    at /root/pro/backend/server.js:138:11
    at Layer.handle [as handle_request] (/root/pro/backend/node_modules/express/lib/router/layer.js:95:5)
    at next (/root/pro/backend/node_modules/express/lib/router/route.js:149:13)
    at Route.dispatch (/root/pro/backend/node_modules/express/lib/router/route.js:119:3)
    at Layer.handle [as handle_request] (/root/pro/backend/node_modules/express/lib/router/layer.js:95:5)
    at /root/pro/backend/node_modules/express/lib/router/index.js:284:15
    at Function.process_params (/root/pro/backend/node_modules/express/lib/router/index.js:346:12)
    at next (/root/pro/backend/node_modules/express/lib/router/index.js:280:10)
    at expressInit (/root/pro/backend/node_modules/express/lib/middleware/init.js:40:5)
    at Layer.handle [as handle_request] (/root/pro/backend/node_modules/express/lib/router/layer.js:95:5)

Node.js v18.20.8
