[dotenv@17.2.0] injecting env (0) from .env (tip: ⚙️  suppress all logs with { quiet: true })
(node:599700) [MONGODB DRIVER] Warning: useNewUrlParser is a deprecated option: useNewUrlParser has no effect since Node.js Driver version 4.0.0 and will be removed in the next major version
(Use `node --trace-warnings ...` to show where the warning was created)
(node:599700) [MONGODB DRIVER] Warning: useUnifiedTopology is a deprecated option: useUnifiedTopology has no effect since Node.js Driver version 4.0.0 and will be removed in the next major version
Backend API server running on http://localhost:4000
MongoDB connection error: MongoServerSelectionError: connect ECONNREFUSED ::1:27017, connect ECONNREFUSED 127.0.0.1:27017
    at Topology.selectServer (/root/pro/node_modules/mongodb/lib/sdam/topology.js:326:38)
    at async Topology._connect (/root/pro/node_modules/mongodb/lib/sdam/topology.js:200:28)
    at async Topology.connect (/root/pro/node_modules/mongodb/lib/sdam/topology.js:152:13)
    at async topologyConnect (/root/pro/node_modules/mongodb/lib/mongo_client.js:246:17)
    at async MongoClient._connect (/root/pro/node_modules/mongodb/lib/mongo_client.js:259:13)
    at async MongoClient.connect (/root/pro/node_modules/mongodb/lib/mongo_client.js:184:13)
    at async NativeConnection.createClient (/root/pro/node_modules/mongoose/lib/drivers/node-mongodb-native/connection.js:351:3) {
  errorLabelSet: Set(0) {},
  reason: TopologyDescription {
    type: 'Unknown',
    servers: Map(1) { 'localhost:27017' => [ServerDescription] },
    stale: false,
    compatible: true,
    heartbeatFrequencyMS: 10000,
    localThresholdMS: 15,
    setName: null,
    maxElectionId: null,
    maxSetVersion: null,
    commonWireVersion: 0,
    logicalSessionTimeoutMinutes: null
  },
  code: undefined,
  [cause]: MongoNetworkError: connect ECONNREFUSED ::1:27017, connect ECONNREFUSED 127.0.0.1:27017
      at Socket.<anonymous> (/root/pro/node_modules/mongodb/lib/cmap/connect.js:286:44)
      at Object.onceWrapper (node:events:632:26)
      at Socket.emit (node:events:517:28)
      at emitErrorNT (node:internal/streams/destroy:151:8)
      at emitErrorCloseNT (node:internal/streams/destroy:116:3)
      at process.processTicksAndRejections (node:internal/process/task_queues:82:21) {
    errorLabelSet: Set(1) { 'ResetPool' },
    beforeHandshake: false,
    [cause]: AggregateError
        at internalConnectMultiple (node:net:1114:18)
        at afterConnectMultiple (node:net:1601:5) {
      code: 'ECONNREFUSED',
      [errors]: [Array]
    }
  }
}
/root/pro/node_modules/mongoose/lib/connection.js:1165
    err = new ServerSelectionError();
          ^

MongooseServerSelectionError: connect ECONNREFUSED ::1:27017, connect ECONNREFUSED 127.0.0.1:27017
    at _handleConnectionErrors (/root/pro/node_modules/mongoose/lib/connection.js:1165:11)
    at NativeConnection.openUri (/root/pro/node_modules/mongoose/lib/connection.js:1096:11) {
  errorLabelSet: Set(0) {},
  reason: TopologyDescription {
    type: 'Unknown',
    servers: Map(1) {
      'localhost:27017' => ServerDescription {
        address: 'localhost:27017',
        type: 'Unknown',
        hosts: [],
        passives: [],
        arbiters: [],
        tags: {},
        minWireVersion: 0,
        maxWireVersion: 0,
        roundTripTime: -1,
        minRoundTripTime: 0,
        lastUpdateTime: 217447247,
        lastWriteDate: 0,
        error: MongoNetworkError: connect ECONNREFUSED ::1:27017, connect ECONNREFUSED 127.0.0.1:27017
            at Socket.<anonymous> (/root/pro/node_modules/mongodb/lib/cmap/connect.js:286:44)
            at Object.onceWrapper (node:events:632:26)
            at Socket.emit (node:events:517:28)
            at emitErrorNT (node:internal/streams/destroy:151:8)
            at emitErrorCloseNT (node:internal/streams/destroy:116:3)
            at process.processTicksAndRejections (node:internal/process/task_queues:82:21) {
          errorLabelSet: Set(1) { 'ResetPool' },
          beforeHandshake: false,
          [cause]: AggregateError
              at internalConnectMultiple (node:net:1114:18)
              at afterConnectMultiple (node:net:1601:5) {
            code: 'ECONNREFUSED',
            [errors]: [Array]
          }
        },
        topologyVersion: null,
        setName: null,
        setVersion: null,
        electionId: null,
        logicalSessionTimeoutMinutes: null,
        maxMessageSizeBytes: null,
        maxWriteBatchSize: null,
        maxBsonObjectSize: null,
        primary: null,
        me: null,
        '$clusterTime': null,
        iscryptd: false
      }
    },
    stale: false,
    compatible: true,
    heartbeatFrequencyMS: 10000,
    localThresholdMS: 15,
    setName: null,
    maxElectionId: null,
    maxSetVersion: null,
    commonWireVersion: 0,
    logicalSessionTimeoutMinutes: null
  },
  code: undefined,
  cause: TopologyDescription {
    type: 'Unknown',
    servers: Map(1) {
      'localhost:27017' => ServerDescription {
        address: 'localhost:27017',
        type: 'Unknown',
        hosts: [],
        passives: [],
        arbiters: [],
        tags: {},
        minWireVersion: 0,
        maxWireVersion: 0,
        roundTripTime: -1,
        minRoundTripTime: 0,
        lastUpdateTime: 217447247,
        lastWriteDate: 0,
        error: MongoNetworkError: connect ECONNREFUSED ::1:27017, connect ECONNREFUSED 127.0.0.1:27017
            at Socket.<anonymous> (/root/pro/node_modules/mongodb/lib/cmap/connect.js:286:44)
            at Object.onceWrapper (node:events:632:26)
            at Socket.emit (node:events:517:28)
            at emitErrorNT (node:internal/streams/destroy:151:8)
            at emitErrorCloseNT (node:internal/streams/destroy:116:3)
            at process.processTicksAndRejections (node:internal/process/task_queues:82:21) {
          errorLabelSet: Set(1) { 'ResetPool' },
          beforeHandshake: false,
          [cause]: AggregateError
              at internalConnectMultiple (node:net:1114:18)
              at afterConnectMultiple (node:net:1601:5) {
            code: 'ECONNREFUSED',
            [errors]: [Array]
          }
        },
        topologyVersion: null,
        setName: null,
        setVersion: null,
        electionId: null,
        logicalSessionTimeoutMinutes: null,
        maxMessageSizeBytes: null,
        maxWriteBatchSize: null,
        maxBsonObjectSize: null,
        primary: null,
        me: null,
        '$clusterTime': null,
        iscryptd: false
      }
    },
    stale: false,
    compatible: true,
    heartbeatFrequencyMS: 10000,
    localThresholdMS: 15,
    setName: null,
    maxElectionId: null,
    maxSetVersion: null,
    commonWireVersion: 0,
    logicalSessionTimeoutMinutes: null
  }
}

Node.js v18.20.8
[dotenv@17.2.0] injecting env (0) from .env (tip: ⚙️  load multiple .env files with { path: ['.env.local', '.env'] })
(node:600172) [MONGODB DRIVER] Warning: useNewUrlParser is a deprecated option: useNewUrlParser has no effect since Node.js Driver version 4.0.0 and will be removed in the next major version
(Use `node --trace-warnings ...` to show where the warning was created)
(node:600172) [MONGODB DRIVER] Warning: useUnifiedTopology is a deprecated option: useUnifiedTopology has no effect since Node.js Driver version 4.0.0 and will be removed in the next major version
Backend API server running on http://localhost:4000
MongoDB connection error: MongoServerSelectionError: connect ECONNREFUSED ::1:27017, connect ECONNREFUSED 127.0.0.1:27017
    at Topology.selectServer (/root/pro/node_modules/mongodb/lib/sdam/topology.js:326:38)
    at async Topology._connect (/root/pro/node_modules/mongodb/lib/sdam/topology.js:200:28)
    at async Topology.connect (/root/pro/node_modules/mongodb/lib/sdam/topology.js:152:13)
    at async topologyConnect (/root/pro/node_modules/mongodb/lib/mongo_client.js:246:17)
    at async MongoClient._connect (/root/pro/node_modules/mongodb/lib/mongo_client.js:259:13)
    at async MongoClient.connect (/root/pro/node_modules/mongodb/lib/mongo_client.js:184:13)
    at async NativeConnection.createClient (/root/pro/node_modules/mongoose/lib/drivers/node-mongodb-native/connection.js:351:3) {
  errorLabelSet: Set(0) {},
  reason: TopologyDescription {
    type: 'Unknown',
    servers: Map(1) { 'localhost:27017' => [ServerDescription] },
    stale: false,
    compatible: true,
    heartbeatFrequencyMS: 10000,
    localThresholdMS: 15,
    setName: null,
    maxElectionId: null,
    maxSetVersion: null,
    commonWireVersion: 0,
    logicalSessionTimeoutMinutes: null
  },
  code: undefined,
  [cause]: MongoNetworkError: connect ECONNREFUSED ::1:27017, connect ECONNREFUSED 127.0.0.1:27017
      at Socket.<anonymous> (/root/pro/node_modules/mongodb/lib/cmap/connect.js:286:44)
      at Object.onceWrapper (node:events:632:26)
      at Socket.emit (node:events:517:28)
      at emitErrorNT (node:internal/streams/destroy:151:8)
      at emitErrorCloseNT (node:internal/streams/destroy:116:3)
      at process.processTicksAndRejections (node:internal/process/task_queues:82:21) {
    errorLabelSet: Set(1) { 'ResetPool' },
    beforeHandshake: false,
    [cause]: AggregateError
        at internalConnectMultiple (node:net:1114:18)
        at afterConnectMultiple (node:net:1601:5) {
      code: 'ECONNREFUSED',
      [errors]: [Array]
    }
  }
}
/root/pro/node_modules/mongoose/lib/connection.js:1165
    err = new ServerSelectionError();
          ^

MongooseServerSelectionError: connect ECONNREFUSED ::1:27017, connect ECONNREFUSED 127.0.0.1:27017
    at _handleConnectionErrors (/root/pro/node_modules/mongoose/lib/connection.js:1165:11)
    at NativeConnection.openUri (/root/pro/node_modules/mongoose/lib/connection.js:1096:11) {
  errorLabelSet: Set(0) {},
  reason: TopologyDescription {
    type: 'Unknown',
    servers: Map(1) {
      'localhost:27017' => ServerDescription {
        address: 'localhost:27017',
        type: 'Unknown',
        hosts: [],
        passives: [],
        arbiters: [],
        tags: {},
        minWireVersion: 0,
        maxWireVersion: 0,
        roundTripTime: -1,
        minRoundTripTime: 0,
        lastUpdateTime: 217523280,
        lastWriteDate: 0,
        error: MongoNetworkError: connect ECONNREFUSED ::1:27017, connect ECONNREFUSED 127.0.0.1:27017
            at Socket.<anonymous> (/root/pro/node_modules/mongodb/lib/cmap/connect.js:286:44)
            at Object.onceWrapper (node:events:632:26)
            at Socket.emit (node:events:517:28)
            at emitErrorNT (node:internal/streams/destroy:151:8)
            at emitErrorCloseNT (node:internal/streams/destroy:116:3)
            at process.processTicksAndRejections (node:internal/process/task_queues:82:21) {
          errorLabelSet: Set(1) { 'ResetPool' },
          beforeHandshake: false,
          [cause]: AggregateError
              at internalConnectMultiple (node:net:1114:18)
              at afterConnectMultiple (node:net:1601:5) {
            code: 'ECONNREFUSED',
            [errors]: [Array]
          }
        },
        topologyVersion: null,
        setName: null,
        setVersion: null,
        electionId: null,
        logicalSessionTimeoutMinutes: null,
        maxMessageSizeBytes: null,
        maxWriteBatchSize: null,
        maxBsonObjectSize: null,
        primary: null,
        me: null,
        '$clusterTime': null,
        iscryptd: false
      }
    },
    stale: false,
    compatible: true,
    heartbeatFrequencyMS: 10000,
    localThresholdMS: 15,
    setName: null,
    maxElectionId: null,
    maxSetVersion: null,
    commonWireVersion: 0,
    logicalSessionTimeoutMinutes: null
  },
  code: undefined,
  cause: TopologyDescription {
    type: 'Unknown',
    servers: Map(1) {
      'localhost:27017' => ServerDescription {
        address: 'localhost:27017',
        type: 'Unknown',
        hosts: [],
        passives: [],
        arbiters: [],
        tags: {},
        minWireVersion: 0,
        maxWireVersion: 0,
        roundTripTime: -1,
        minRoundTripTime: 0,
        lastUpdateTime: 217523280,
        lastWriteDate: 0,
        error: MongoNetworkError: connect ECONNREFUSED ::1:27017, connect ECONNREFUSED 127.0.0.1:27017
            at Socket.<anonymous> (/root/pro/node_modules/mongodb/lib/cmap/connect.js:286:44)
            at Object.onceWrapper (node:events:632:26)
            at Socket.emit (node:events:517:28)
            at emitErrorNT (node:internal/streams/destroy:151:8)
            at emitErrorCloseNT (node:internal/streams/destroy:116:3)
            at process.processTicksAndRejections (node:internal/process/task_queues:82:21) {
          errorLabelSet: Set(1) { 'ResetPool' },
          beforeHandshake: false,
          [cause]: AggregateError
              at internalConnectMultiple (node:net:1114:18)
              at afterConnectMultiple (node:net:1601:5) {
            code: 'ECONNREFUSED',
            [errors]: [Array]
          }
        },
        topologyVersion: null,
        setName: null,
        setVersion: null,
        electionId: null,
        logicalSessionTimeoutMinutes: null,
        maxMessageSizeBytes: null,
        maxWriteBatchSize: null,
        maxBsonObjectSize: null,
        primary: null,
        me: null,
        '$clusterTime': null,
        iscryptd: false
      }
    },
    stale: false,
    compatible: true,
    heartbeatFrequencyMS: 10000,
    localThresholdMS: 15,
    setName: null,
    maxElectionId: null,
    maxSetVersion: null,
    commonWireVersion: 0,
    logicalSessionTimeoutMinutes: null
  }
}

Node.js v18.20.8
[dotenv@17.2.0] injecting env (0) from .env (tip: ⚙️  suppress all logs with { quiet: true })
(node:600330) [MONGODB DRIVER] Warning: useNewUrlParser is a deprecated option: useNewUrlParser has no effect since Node.js Driver version 4.0.0 and will be removed in the next major version
(Use `node --trace-warnings ...` to show where the warning was created)
(node:600330) [MONGODB DRIVER] Warning: useUnifiedTopology is a deprecated option: useUnifiedTopology has no effect since Node.js Driver version 4.0.0 and will be removed in the next major version
Backend API server running on http://localhost:4000
MongoDB connection error: MongoServerSelectionError: connect ECONNREFUSED ::1:27017, connect ECONNREFUSED 127.0.0.1:27017
    at Topology.selectServer (/root/pro/node_modules/mongodb/lib/sdam/topology.js:326:38)
    at async Topology._connect (/root/pro/node_modules/mongodb/lib/sdam/topology.js:200:28)
    at async Topology.connect (/root/pro/node_modules/mongodb/lib/sdam/topology.js:152:13)
    at async topologyConnect (/root/pro/node_modules/mongodb/lib/mongo_client.js:246:17)
    at async MongoClient._connect (/root/pro/node_modules/mongodb/lib/mongo_client.js:259:13)
    at async MongoClient.connect (/root/pro/node_modules/mongodb/lib/mongo_client.js:184:13)
    at async NativeConnection.createClient (/root/pro/node_modules/mongoose/lib/drivers/node-mongodb-native/connection.js:351:3) {
  errorLabelSet: Set(0) {},
  reason: TopologyDescription {
    type: 'Unknown',
    servers: Map(1) { 'localhost:27017' => [ServerDescription] },
    stale: false,
    compatible: true,
    heartbeatFrequencyMS: 10000,
    localThresholdMS: 15,
    setName: null,
    maxElectionId: null,
    maxSetVersion: null,
    commonWireVersion: 0,
    logicalSessionTimeoutMinutes: null
  },
  code: undefined,
  [cause]: MongoNetworkError: connect ECONNREFUSED ::1:27017, connect ECONNREFUSED 127.0.0.1:27017
      at Socket.<anonymous> (/root/pro/node_modules/mongodb/lib/cmap/connect.js:286:44)
      at Object.onceWrapper (node:events:632:26)
      at Socket.emit (node:events:517:28)
      at emitErrorNT (node:internal/streams/destroy:151:8)
      at emitErrorCloseNT (node:internal/streams/destroy:116:3)
      at process.processTicksAndRejections (node:internal/process/task_queues:82:21) {
    errorLabelSet: Set(1) { 'ResetPool' },
    beforeHandshake: false,
    [cause]: AggregateError
        at internalConnectMultiple (node:net:1114:18)
        at afterConnectMultiple (node:net:1601:5) {
      code: 'ECONNREFUSED',
      [errors]: [Array]
    }
  }
}
/root/pro/node_modules/mongoose/lib/connection.js:1165
    err = new ServerSelectionError();
          ^

MongooseServerSelectionError: connect ECONNREFUSED ::1:27017, connect ECONNREFUSED 127.0.0.1:27017
    at _handleConnectionErrors (/root/pro/node_modules/mongoose/lib/connection.js:1165:11)
    at NativeConnection.openUri (/root/pro/node_modules/mongoose/lib/connection.js:1096:11) {
  errorLabelSet: Set(0) {},
  reason: TopologyDescription {
    type: 'Unknown',
    servers: Map(1) {
      'localhost:27017' => ServerDescription {
        address: 'localhost:27017',
        type: 'Unknown',
        hosts: [],
        passives: [],
        arbiters: [],
        tags: {},
        minWireVersion: 0,
        maxWireVersion: 0,
        roundTripTime: -1,
        minRoundTripTime: 0,
        lastUpdateTime: 217629201,
        lastWriteDate: 0,
        error: MongoNetworkError: connect ECONNREFUSED ::1:27017, connect ECONNREFUSED 127.0.0.1:27017
            at Socket.<anonymous> (/root/pro/node_modules/mongodb/lib/cmap/connect.js:286:44)
            at Object.onceWrapper (node:events:632:26)
            at Socket.emit (node:events:517:28)
            at emitErrorNT (node:internal/streams/destroy:151:8)
            at emitErrorCloseNT (node:internal/streams/destroy:116:3)
            at process.processTicksAndRejections (node:internal/process/task_queues:82:21) {
          errorLabelSet: Set(1) { 'ResetPool' },
          beforeHandshake: false,
          [cause]: AggregateError
              at internalConnectMultiple (node:net:1114:18)
              at afterConnectMultiple (node:net:1601:5) {
            code: 'ECONNREFUSED',
            [errors]: [Array]
          }
        },
        topologyVersion: null,
        setName: null,
        setVersion: null,
        electionId: null,
        logicalSessionTimeoutMinutes: null,
        maxMessageSizeBytes: null,
        maxWriteBatchSize: null,
        maxBsonObjectSize: null,
        primary: null,
        me: null,
        '$clusterTime': null,
        iscryptd: false
      }
    },
    stale: false,
    compatible: true,
    heartbeatFrequencyMS: 10000,
    localThresholdMS: 15,
    setName: null,
    maxElectionId: null,
    maxSetVersion: null,
    commonWireVersion: 0,
    logicalSessionTimeoutMinutes: null
  },
  code: undefined,
  cause: TopologyDescription {
    type: 'Unknown',
    servers: Map(1) {
      'localhost:27017' => ServerDescription {
        address: 'localhost:27017',
        type: 'Unknown',
        hosts: [],
        passives: [],
        arbiters: [],
        tags: {},
        minWireVersion: 0,
        maxWireVersion: 0,
        roundTripTime: -1,
        minRoundTripTime: 0,
        lastUpdateTime: 217629201,
        lastWriteDate: 0,
        error: MongoNetworkError: connect ECONNREFUSED ::1:27017, connect ECONNREFUSED 127.0.0.1:27017
            at Socket.<anonymous> (/root/pro/node_modules/mongodb/lib/cmap/connect.js:286:44)
            at Object.onceWrapper (node:events:632:26)
            at Socket.emit (node:events:517:28)
            at emitErrorNT (node:internal/streams/destroy:151:8)
            at emitErrorCloseNT (node:internal/streams/destroy:116:3)
            at process.processTicksAndRejections (node:internal/process/task_queues:82:21) {
          errorLabelSet: Set(1) { 'ResetPool' },
          beforeHandshake: false,
          [cause]: AggregateError
              at internalConnectMultiple (node:net:1114:18)
              at afterConnectMultiple (node:net:1601:5) {
            code: 'ECONNREFUSED',
            [errors]: [Array]
          }
        },
        topologyVersion: null,
        setName: null,
        setVersion: null,
        electionId: null,
        logicalSessionTimeoutMinutes: null,
        maxMessageSizeBytes: null,
        maxWriteBatchSize: null,
        maxBsonObjectSize: null,
        primary: null,
        me: null,
        '$clusterTime': null,
        iscryptd: false
      }
    },
    stale: false,
    compatible: true,
    heartbeatFrequencyMS: 10000,
    localThresholdMS: 15,
    setName: null,
    maxElectionId: null,
    maxSetVersion: null,
    commonWireVersion: 0,
    logicalSessionTimeoutMinutes: null
  }
}

Node.js v18.20.8
[dotenv@17.2.0] injecting env (1) from .env (tip: ⚙️  load multiple .env files with { path: ['.env.local', '.env'] })
(node:603728) [MONGODB DRIVER] Warning: useNewUrlParser is a deprecated option: useNewUrlParser has no effect since Node.js Driver version 4.0.0 and will be removed in the next major version
(Use `node --trace-warnings ...` to show where the warning was created)
(node:603728) [MONGODB DRIVER] Warning: useUnifiedTopology is a deprecated option: useUnifiedTopology has no effect since Node.js Driver version 4.0.0 and will be removed in the next major version
Backend API server running on http://localhost:4000
MongoDB connection error: MongoServerSelectionError: Server selection timed out after 30000 ms
    at Topology.selectServer (/root/pro/node_modules/mongodb/lib/sdam/topology.js:326:38)
    at async Topology._connect (/root/pro/node_modules/mongodb/lib/sdam/topology.js:200:28)
    at async Topology.connect (/root/pro/node_modules/mongodb/lib/sdam/topology.js:152:13)
    at async topologyConnect (/root/pro/node_modules/mongodb/lib/mongo_client.js:246:17)
    at async MongoClient._connect (/root/pro/node_modules/mongodb/lib/mongo_client.js:259:13)
    at async MongoClient.connect (/root/pro/node_modules/mongodb/lib/mongo_client.js:184:13)
    at async NativeConnection.createClient (/root/pro/node_modules/mongoose/lib/drivers/node-mongodb-native/connection.js:351:3) {
  errorLabelSet: Set(0) {},
  reason: TopologyDescription {
    type: 'ReplicaSetNoPrimary',
    servers: Map(3) {
      'ac-dfwmcxn-shard-00-00.reyfc3h.mongodb.net:27017' => [ServerDescription],
      'ac-dfwmcxn-shard-00-02.reyfc3h.mongodb.net:27017' => [ServerDescription],
      'ac-dfwmcxn-shard-00-01.reyfc3h.mongodb.net:27017' => [ServerDescription]
    },
    stale: false,
    compatible: true,
    heartbeatFrequencyMS: 10000,
    localThresholdMS: 15,
    setName: 'atlas-oct13g-shard-0',
    maxElectionId: null,
    maxSetVersion: null,
    commonWireVersion: 0,
    logicalSessionTimeoutMinutes: null
  },
  code: undefined
}
/root/pro/node_modules/mongoose/lib/connection.js:1165
    err = new ServerSelectionError();
          ^

MongooseServerSelectionError: Could not connect to any servers in your MongoDB Atlas cluster. One common reason is that you're trying to access the database from an IP that isn't whitelisted. Make sure your current IP address is on your Atlas cluster's IP whitelist: https://www.mongodb.com/docs/atlas/security-whitelist/
    at _handleConnectionErrors (/root/pro/node_modules/mongoose/lib/connection.js:1165:11)
    at NativeConnection.openUri (/root/pro/node_modules/mongoose/lib/connection.js:1096:11) {
  errorLabelSet: Set(0) {},
  reason: TopologyDescription {
    type: 'ReplicaSetNoPrimary',
    servers: Map(3) {
      'ac-dfwmcxn-shard-00-00.reyfc3h.mongodb.net:27017' => ServerDescription {
        address: 'ac-dfwmcxn-shard-00-00.reyfc3h.mongodb.net:27017',
        type: 'Unknown',
        hosts: [],
        passives: [],
        arbiters: [],
        tags: {},
        minWireVersion: 0,
        maxWireVersion: 0,
        roundTripTime: -1,
        minRoundTripTime: 0,
        lastUpdateTime: 218860063,
        lastWriteDate: 0,
        error: null,
        topologyVersion: null,
        setName: null,
        setVersion: null,
        electionId: null,
        logicalSessionTimeoutMinutes: null,
        maxMessageSizeBytes: null,
        maxWriteBatchSize: null,
        maxBsonObjectSize: null,
        primary: null,
        me: null,
        '$clusterTime': null,
        iscryptd: false
      },
      'ac-dfwmcxn-shard-00-02.reyfc3h.mongodb.net:27017' => ServerDescription {
        address: 'ac-dfwmcxn-shard-00-02.reyfc3h.mongodb.net:27017',
        type: 'Unknown',
        hosts: [],
        passives: [],
        arbiters: [],
        tags: {},
        minWireVersion: 0,
        maxWireVersion: 0,
        roundTripTime: -1,
        minRoundTripTime: 0,
        lastUpdateTime: 218860063,
        lastWriteDate: 0,
        error: null,
        topologyVersion: null,
        setName: null,
        setVersion: null,
        electionId: null,
        logicalSessionTimeoutMinutes: null,
        maxMessageSizeBytes: null,
        maxWriteBatchSize: null,
        maxBsonObjectSize: null,
        primary: null,
        me: null,
        '$clusterTime': null,
        iscryptd: false
      },
      'ac-dfwmcxn-shard-00-01.reyfc3h.mongodb.net:27017' => ServerDescription {
        address: 'ac-dfwmcxn-shard-00-01.reyfc3h.mongodb.net:27017',
        type: 'Unknown',
        hosts: [],
        passives: [],
        arbiters: [],
        tags: {},
        minWireVersion: 0,
        maxWireVersion: 0,
        roundTripTime: -1,
        minRoundTripTime: 0,
        lastUpdateTime: 218860063,
        lastWriteDate: 0,
        error: null,
        topologyVersion: null,
        setName: null,
        setVersion: null,
        electionId: null,
        logicalSessionTimeoutMinutes: null,
        maxMessageSizeBytes: null,
        maxWriteBatchSize: null,
        maxBsonObjectSize: null,
        primary: null,
        me: null,
        '$clusterTime': null,
        iscryptd: false
      }
    },
    stale: false,
    compatible: true,
    heartbeatFrequencyMS: 10000,
    localThresholdMS: 15,
    setName: 'atlas-oct13g-shard-0',
    maxElectionId: null,
    maxSetVersion: null,
    commonWireVersion: 0,
    logicalSessionTimeoutMinutes: null
  },
  code: undefined,
  cause: TopologyDescription {
    type: 'ReplicaSetNoPrimary',
    servers: Map(3) {
      'ac-dfwmcxn-shard-00-00.reyfc3h.mongodb.net:27017' => ServerDescription {
        address: 'ac-dfwmcxn-shard-00-00.reyfc3h.mongodb.net:27017',
        type: 'Unknown',
        hosts: [],
        passives: [],
        arbiters: [],
        tags: {},
        minWireVersion: 0,
        maxWireVersion: 0,
        roundTripTime: -1,
        minRoundTripTime: 0,
        lastUpdateTime: 218860063,
        lastWriteDate: 0,
        error: null,
        topologyVersion: null,
        setName: null,
        setVersion: null,
        electionId: null,
        logicalSessionTimeoutMinutes: null,
        maxMessageSizeBytes: null,
        maxWriteBatchSize: null,
        maxBsonObjectSize: null,
        primary: null,
        me: null,
        '$clusterTime': null,
        iscryptd: false
      },
      'ac-dfwmcxn-shard-00-02.reyfc3h.mongodb.net:27017' => ServerDescription {
        address: 'ac-dfwmcxn-shard-00-02.reyfc3h.mongodb.net:27017',
        type: 'Unknown',
        hosts: [],
        passives: [],
        arbiters: [],
        tags: {},
        minWireVersion: 0,
        maxWireVersion: 0,
        roundTripTime: -1,
        minRoundTripTime: 0,
        lastUpdateTime: 218860063,
        lastWriteDate: 0,
        error: null,
        topologyVersion: null,
        setName: null,
        setVersion: null,
        electionId: null,
        logicalSessionTimeoutMinutes: null,
        maxMessageSizeBytes: null,
        maxWriteBatchSize: null,
        maxBsonObjectSize: null,
        primary: null,
        me: null,
        '$clusterTime': null,
        iscryptd: false
      },
      'ac-dfwmcxn-shard-00-01.reyfc3h.mongodb.net:27017' => ServerDescription {
        address: 'ac-dfwmcxn-shard-00-01.reyfc3h.mongodb.net:27017',
        type: 'Unknown',
        hosts: [],
        passives: [],
        arbiters: [],
        tags: {},
        minWireVersion: 0,
        maxWireVersion: 0,
        roundTripTime: -1,
        minRoundTripTime: 0,
        lastUpdateTime: 218860063,
        lastWriteDate: 0,
        error: null,
        topologyVersion: null,
        setName: null,
        setVersion: null,
        electionId: null,
        logicalSessionTimeoutMinutes: null,
        maxMessageSizeBytes: null,
        maxWriteBatchSize: null,
        maxBsonObjectSize: null,
        primary: null,
        me: null,
        '$clusterTime': null,
        iscryptd: false
      }
    },
    stale: false,
    compatible: true,
    heartbeatFrequencyMS: 10000,
    localThresholdMS: 15,
    setName: 'atlas-oct13g-shard-0',
    maxElectionId: null,
    maxSetVersion: null,
    commonWireVersion: 0,
    logicalSessionTimeoutMinutes: null
  }
}

Node.js v18.20.8
[dotenv@17.2.0] injecting env (1) from .env (tip: ⚙️  load multiple .env files with { path: ['.env.local', '.env'] })
(node:605177) [MONGODB DRIVER] Warning: useNewUrlParser is a deprecated option: useNewUrlParser has no effect since Node.js Driver version 4.0.0 and will be removed in the next major version
(Use `node --trace-warnings ...` to show where the warning was created)
(node:605177) [MONGODB DRIVER] Warning: useUnifiedTopology is a deprecated option: useUnifiedTopology has no effect since Node.js Driver version 4.0.0 and will be removed in the next major version
Backend API server running on http://localhost:4000
MongoDB connection error: MongoServerSelectionError: Server selection timed out after 30000 ms
    at Topology.selectServer (/root/pro/node_modules/mongodb/lib/sdam/topology.js:326:38)
    at async Topology._connect (/root/pro/node_modules/mongodb/lib/sdam/topology.js:200:28)
    at async Topology.connect (/root/pro/node_modules/mongodb/lib/sdam/topology.js:152:13)
    at async topologyConnect (/root/pro/node_modules/mongodb/lib/mongo_client.js:246:17)
    at async MongoClient._connect (/root/pro/node_modules/mongodb/lib/mongo_client.js:259:13)
    at async MongoClient.connect (/root/pro/node_modules/mongodb/lib/mongo_client.js:184:13)
    at async NativeConnection.createClient (/root/pro/node_modules/mongoose/lib/drivers/node-mongodb-native/connection.js:351:3) {
  errorLabelSet: Set(0) {},
  reason: TopologyDescription {
    type: 'ReplicaSetNoPrimary',
    servers: Map(3) {
      'ac-dfwmcxn-shard-00-01.reyfc3h.mongodb.net:27017' => [ServerDescription],
      'ac-dfwmcxn-shard-00-02.reyfc3h.mongodb.net:27017' => [ServerDescription],
      'ac-dfwmcxn-shard-00-00.reyfc3h.mongodb.net:27017' => [ServerDescription]
    },
    stale: false,
    compatible: true,
    heartbeatFrequencyMS: 10000,
    localThresholdMS: 15,
    setName: 'atlas-oct13g-shard-0',
    maxElectionId: null,
    maxSetVersion: null,
    commonWireVersion: 0,
    logicalSessionTimeoutMinutes: null
  },
  code: undefined
}
/root/pro/node_modules/mongoose/lib/connection.js:1165
    err = new ServerSelectionError();
          ^

MongooseServerSelectionError: Could not connect to any servers in your MongoDB Atlas cluster. One common reason is that you're trying to access the database from an IP that isn't whitelisted. Make sure your current IP address is on your Atlas cluster's IP whitelist: https://www.mongodb.com/docs/atlas/security-whitelist/
    at _handleConnectionErrors (/root/pro/node_modules/mongoose/lib/connection.js:1165:11)
    at NativeConnection.openUri (/root/pro/node_modules/mongoose/lib/connection.js:1096:11) {
  errorLabelSet: Set(0) {},
  reason: TopologyDescription {
    type: 'ReplicaSetNoPrimary',
    servers: Map(3) {
      'ac-dfwmcxn-shard-00-01.reyfc3h.mongodb.net:27017' => ServerDescription {
        address: 'ac-dfwmcxn-shard-00-01.reyfc3h.mongodb.net:27017',
        type: 'Unknown',
        hosts: [],
        passives: [],
        arbiters: [],
        tags: {},
        minWireVersion: 0,
        maxWireVersion: 0,
        roundTripTime: -1,
        minRoundTripTime: 0,
        lastUpdateTime: 219414593,
        lastWriteDate: 0,
        error: null,
        topologyVersion: null,
        setName: null,
        setVersion: null,
        electionId: null,
        logicalSessionTimeoutMinutes: null,
        maxMessageSizeBytes: null,
        maxWriteBatchSize: null,
        maxBsonObjectSize: null,
        primary: null,
        me: null,
        '$clusterTime': null,
        iscryptd: false
      },
      'ac-dfwmcxn-shard-00-02.reyfc3h.mongodb.net:27017' => ServerDescription {
        address: 'ac-dfwmcxn-shard-00-02.reyfc3h.mongodb.net:27017',
        type: 'Unknown',
        hosts: [],
        passives: [],
        arbiters: [],
        tags: {},
        minWireVersion: 0,
        maxWireVersion: 0,
        roundTripTime: -1,
        minRoundTripTime: 0,
        lastUpdateTime: 219414593,
        lastWriteDate: 0,
        error: null,
        topologyVersion: null,
        setName: null,
        setVersion: null,
        electionId: null,
        logicalSessionTimeoutMinutes: null,
        maxMessageSizeBytes: null,
        maxWriteBatchSize: null,
        maxBsonObjectSize: null,
        primary: null,
        me: null,
        '$clusterTime': null,
        iscryptd: false
      },
      'ac-dfwmcxn-shard-00-00.reyfc3h.mongodb.net:27017' => ServerDescription {
        address: 'ac-dfwmcxn-shard-00-00.reyfc3h.mongodb.net:27017',
        type: 'Unknown',
        hosts: [],
        passives: [],
        arbiters: [],
        tags: {},
        minWireVersion: 0,
        maxWireVersion: 0,
        roundTripTime: -1,
        minRoundTripTime: 0,
        lastUpdateTime: 219414593,
        lastWriteDate: 0,
        error: null,
        topologyVersion: null,
        setName: null,
        setVersion: null,
        electionId: null,
        logicalSessionTimeoutMinutes: null,
        maxMessageSizeBytes: null,
        maxWriteBatchSize: null,
        maxBsonObjectSize: null,
        primary: null,
        me: null,
        '$clusterTime': null,
        iscryptd: false
      }
    },
    stale: false,
    compatible: true,
    heartbeatFrequencyMS: 10000,
    localThresholdMS: 15,
    setName: 'atlas-oct13g-shard-0',
    maxElectionId: null,
    maxSetVersion: null,
    commonWireVersion: 0,
    logicalSessionTimeoutMinutes: null
  },
  code: undefined,
  cause: TopologyDescription {
    type: 'ReplicaSetNoPrimary',
    servers: Map(3) {
      'ac-dfwmcxn-shard-00-01.reyfc3h.mongodb.net:27017' => ServerDescription {
        address: 'ac-dfwmcxn-shard-00-01.reyfc3h.mongodb.net:27017',
        type: 'Unknown',
        hosts: [],
        passives: [],
        arbiters: [],
        tags: {},
        minWireVersion: 0,
        maxWireVersion: 0,
        roundTripTime: -1,
        minRoundTripTime: 0,
        lastUpdateTime: 219414593,
        lastWriteDate: 0,
        error: null,
        topologyVersion: null,
        setName: null,
        setVersion: null,
        electionId: null,
        logicalSessionTimeoutMinutes: null,
        maxMessageSizeBytes: null,
        maxWriteBatchSize: null,
        maxBsonObjectSize: null,
        primary: null,
        me: null,
        '$clusterTime': null,
        iscryptd: false
      },
      'ac-dfwmcxn-shard-00-02.reyfc3h.mongodb.net:27017' => ServerDescription {
        address: 'ac-dfwmcxn-shard-00-02.reyfc3h.mongodb.net:27017',
        type: 'Unknown',
        hosts: [],
        passives: [],
        arbiters: [],
        tags: {},
        minWireVersion: 0,
        maxWireVersion: 0,
        roundTripTime: -1,
        minRoundTripTime: 0,
        lastUpdateTime: 219414593,
        lastWriteDate: 0,
        error: null,
        topologyVersion: null,
        setName: null,
        setVersion: null,
        electionId: null,
        logicalSessionTimeoutMinutes: null,
        maxMessageSizeBytes: null,
        maxWriteBatchSize: null,
        maxBsonObjectSize: null,
        primary: null,
        me: null,
        '$clusterTime': null,
        iscryptd: false
      },
      'ac-dfwmcxn-shard-00-00.reyfc3h.mongodb.net:27017' => ServerDescription {
        address: 'ac-dfwmcxn-shard-00-00.reyfc3h.mongodb.net:27017',
        type: 'Unknown',
        hosts: [],
        passives: [],
        arbiters: [],
        tags: {},
        minWireVersion: 0,
        maxWireVersion: 0,
        roundTripTime: -1,
        minRoundTripTime: 0,
        lastUpdateTime: 219414593,
        lastWriteDate: 0,
        error: null,
        topologyVersion: null,
        setName: null,
        setVersion: null,
        electionId: null,
        logicalSessionTimeoutMinutes: null,
        maxMessageSizeBytes: null,
        maxWriteBatchSize: null,
        maxBsonObjectSize: null,
        primary: null,
        me: null,
        '$clusterTime': null,
        iscryptd: false
      }
    },
    stale: false,
    compatible: true,
    heartbeatFrequencyMS: 10000,
    localThresholdMS: 15,
    setName: 'atlas-oct13g-shard-0',
    maxElectionId: null,
    maxSetVersion: null,
    commonWireVersion: 0,
    logicalSessionTimeoutMinutes: null
  }
}

Node.js v18.20.8
[dotenv@17.2.0] injecting env (1) from .env (tip: ⚙️  load multiple .env files with { path: ['.env.local', '.env'] })
(node:607436) [MONGODB DRIVER] Warning: useNewUrlParser is a deprecated option: useNewUrlParser has no effect since Node.js Driver version 4.0.0 and will be removed in the next major version
(Use `node --trace-warnings ...` to show where the warning was created)
(node:607436) [MONGODB DRIVER] Warning: useUnifiedTopology is a deprecated option: useUnifiedTopology has no effect since Node.js Driver version 4.0.0 and will be removed in the next major version
Backend API server running on http://localhost:4000
MongoDB connection error: MongoServerSelectionError: Server selection timed out after 30000 ms
    at Topology.selectServer (/root/pro/node_modules/mongodb/lib/sdam/topology.js:326:38)
    at runNextTicks (node:internal/process/task_queues:60:5)
    at listOnTimeout (node:internal/timers:538:9)
    at process.processTimers (node:internal/timers:512:7)
    at async Topology._connect (/root/pro/node_modules/mongodb/lib/sdam/topology.js:200:28)
    at async Topology.connect (/root/pro/node_modules/mongodb/lib/sdam/topology.js:152:13)
    at async topologyConnect (/root/pro/node_modules/mongodb/lib/mongo_client.js:246:17)
    at async MongoClient._connect (/root/pro/node_modules/mongodb/lib/mongo_client.js:259:13)
    at async MongoClient.connect (/root/pro/node_modules/mongodb/lib/mongo_client.js:184:13)
    at async NativeConnection.createClient (/root/pro/node_modules/mongoose/lib/drivers/node-mongodb-native/connection.js:351:3) {
  errorLabelSet: Set(0) {},
  reason: TopologyDescription {
    type: 'ReplicaSetNoPrimary',
    servers: Map(3) {
      'ac-dfwmcxn-shard-00-02.reyfc3h.mongodb.net:27017' => [ServerDescription],
      'ac-dfwmcxn-shard-00-00.reyfc3h.mongodb.net:27017' => [ServerDescription],
      'ac-dfwmcxn-shard-00-01.reyfc3h.mongodb.net:27017' => [ServerDescription]
    },
    stale: false,
    compatible: true,
    heartbeatFrequencyMS: 10000,
    localThresholdMS: 15,
    setName: 'atlas-oct13g-shard-0',
    maxElectionId: null,
    maxSetVersion: null,
    commonWireVersion: 0,
    logicalSessionTimeoutMinutes: null
  },
  code: undefined
}
/root/pro/node_modules/mongoose/lib/connection.js:1165
    err = new ServerSelectionError();
          ^

MongooseServerSelectionError: Could not connect to any servers in your MongoDB Atlas cluster. One common reason is that you're trying to access the database from an IP that isn't whitelisted. Make sure your current IP address is on your Atlas cluster's IP whitelist: https://www.mongodb.com/docs/atlas/security-whitelist/
    at _handleConnectionErrors (/root/pro/node_modules/mongoose/lib/connection.js:1165:11)
    at NativeConnection.openUri (/root/pro/node_modules/mongoose/lib/connection.js:1096:11)
    at runNextTicks (node:internal/process/task_queues:60:5)
    at listOnTimeout (node:internal/timers:538:9)
    at process.processTimers (node:internal/timers:512:7) {
  errorLabelSet: Set(0) {},
  reason: TopologyDescription {
    type: 'ReplicaSetNoPrimary',
    servers: Map(3) {
      'ac-dfwmcxn-shard-00-02.reyfc3h.mongodb.net:27017' => ServerDescription {
        address: 'ac-dfwmcxn-shard-00-02.reyfc3h.mongodb.net:27017',
        type: 'Unknown',
        hosts: [],
        passives: [],
        arbiters: [],
        tags: {},
        minWireVersion: 0,
        maxWireVersion: 0,
        roundTripTime: -1,
        minRoundTripTime: 0,
        lastUpdateTime: 220239515,
        lastWriteDate: 0,
        error: null,
        topologyVersion: null,
        setName: null,
        setVersion: null,
        electionId: null,
        logicalSessionTimeoutMinutes: null,
        maxMessageSizeBytes: null,
        maxWriteBatchSize: null,
        maxBsonObjectSize: null,
        primary: null,
        me: null,
        '$clusterTime': null,
        iscryptd: false
      },
      'ac-dfwmcxn-shard-00-00.reyfc3h.mongodb.net:27017' => ServerDescription {
        address: 'ac-dfwmcxn-shard-00-00.reyfc3h.mongodb.net:27017',
        type: 'Unknown',
        hosts: [],
        passives: [],
        arbiters: [],
        tags: {},
        minWireVersion: 0,
        maxWireVersion: 0,
        roundTripTime: -1,
        minRoundTripTime: 0,
        lastUpdateTime: 220239515,
        lastWriteDate: 0,
        error: null,
        topologyVersion: null,
        setName: null,
        setVersion: null,
        electionId: null,
        logicalSessionTimeoutMinutes: null,
        maxMessageSizeBytes: null,
        maxWriteBatchSize: null,
        maxBsonObjectSize: null,
        primary: null,
        me: null,
        '$clusterTime': null,
        iscryptd: false
      },
      'ac-dfwmcxn-shard-00-01.reyfc3h.mongodb.net:27017' => ServerDescription {
        address: 'ac-dfwmcxn-shard-00-01.reyfc3h.mongodb.net:27017',
        type: 'Unknown',
        hosts: [],
        passives: [],
        arbiters: [],
        tags: {},
        minWireVersion: 0,
        maxWireVersion: 0,
        roundTripTime: -1,
        minRoundTripTime: 0,
        lastUpdateTime: 220239515,
        lastWriteDate: 0,
        error: null,
        topologyVersion: null,
        setName: null,
        setVersion: null,
        electionId: null,
        logicalSessionTimeoutMinutes: null,
        maxMessageSizeBytes: null,
        maxWriteBatchSize: null,
        maxBsonObjectSize: null,
        primary: null,
        me: null,
        '$clusterTime': null,
        iscryptd: false
      }
    },
    stale: false,
    compatible: true,
    heartbeatFrequencyMS: 10000,
    localThresholdMS: 15,
    setName: 'atlas-oct13g-shard-0',
    maxElectionId: null,
    maxSetVersion: null,
    commonWireVersion: 0,
    logicalSessionTimeoutMinutes: null
  },
  code: undefined,
  cause: TopologyDescription {
    type: 'ReplicaSetNoPrimary',
    servers: Map(3) {
      'ac-dfwmcxn-shard-00-02.reyfc3h.mongodb.net:27017' => ServerDescription {
        address: 'ac-dfwmcxn-shard-00-02.reyfc3h.mongodb.net:27017',
        type: 'Unknown',
        hosts: [],
        passives: [],
        arbiters: [],
        tags: {},
        minWireVersion: 0,
        maxWireVersion: 0,
        roundTripTime: -1,
        minRoundTripTime: 0,
        lastUpdateTime: 220239515,
        lastWriteDate: 0,
        error: null,
        topologyVersion: null,
        setName: null,
        setVersion: null,
        electionId: null,
        logicalSessionTimeoutMinutes: null,
        maxMessageSizeBytes: null,
        maxWriteBatchSize: null,
        maxBsonObjectSize: null,
        primary: null,
        me: null,
        '$clusterTime': null,
        iscryptd: false
      },
      'ac-dfwmcxn-shard-00-00.reyfc3h.mongodb.net:27017' => ServerDescription {
        address: 'ac-dfwmcxn-shard-00-00.reyfc3h.mongodb.net:27017',
        type: 'Unknown',
        hosts: [],
        passives: [],
        arbiters: [],
        tags: {},
        minWireVersion: 0,
        maxWireVersion: 0,
        roundTripTime: -1,
        minRoundTripTime: 0,
        lastUpdateTime: 220239515,
        lastWriteDate: 0,
        error: null,
        topologyVersion: null,
        setName: null,
        setVersion: null,
        electionId: null,
        logicalSessionTimeoutMinutes: null,
        maxMessageSizeBytes: null,
        maxWriteBatchSize: null,
        maxBsonObjectSize: null,
        primary: null,
        me: null,
        '$clusterTime': null,
        iscryptd: false
      },
      'ac-dfwmcxn-shard-00-01.reyfc3h.mongodb.net:27017' => ServerDescription {
        address: 'ac-dfwmcxn-shard-00-01.reyfc3h.mongodb.net:27017',
        type: 'Unknown',
        hosts: [],
        passives: [],
        arbiters: [],
        tags: {},
        minWireVersion: 0,
        maxWireVersion: 0,
        roundTripTime: -1,
        minRoundTripTime: 0,
        lastUpdateTime: 220239515,
        lastWriteDate: 0,
        error: null,
        topologyVersion: null,
        setName: null,
        setVersion: null,
        electionId: null,
        logicalSessionTimeoutMinutes: null,
        maxMessageSizeBytes: null,
        maxWriteBatchSize: null,
        maxBsonObjectSize: null,
        primary: null,
        me: null,
        '$clusterTime': null,
        iscryptd: false
      }
    },
    stale: false,
    compatible: true,
    heartbeatFrequencyMS: 10000,
    localThresholdMS: 15,
    setName: 'atlas-oct13g-shard-0',
    maxElectionId: null,
    maxSetVersion: null,
    commonWireVersion: 0,
    logicalSessionTimeoutMinutes: null
  }
}

Node.js v18.20.8
